#
# There is insufficient memory for the Java Runtime Environment to continue.
# Native memory allocation (malloc) failed to allocate 1080256 bytes for Chunk::new
# Possible reasons:
#   The system is out of physical RAM or swap space
#   In 32 bit mode, the process size limit was hit
# Possible solutions:
#   Reduce memory load on the system
#   Increase physical memory or swap space
#   Check if swap backing store is full
#   Use 64 bit Java on a 64 bit OS
#   Decrease Java heap size (-Xmx/-Xms)
#   Decrease number of Java threads
#   Decrease Java thread stack sizes (-Xss)
#   Set larger code cache with -XX:ReservedCodeCacheSize=
# This output file may be truncated or incomplete.
#
#  Out of Memory Error (allocation.cpp:390), pid=5520, tid=0x00000000000006e4
#
# JRE version: Java(TM) SE Runtime Environment (8.0_144-b01) (build 1.8.0_144-b01)
# Java VM: Java HotSpot(TM) 64-Bit Server VM (25.144-b01 mixed mode windows-amd64 compressed oops)
# Failed to write core dump. Minidumps are not enabled by default on client versions of Windows
#

---------------  T H R E A D  ---------------

Current thread (0x0000000017fcf000):  JavaThread "C2 CompilerThread1" daemon [_thread_in_native, id=1764, stack(0x0000000018a00000,0x0000000018b00000)]

Stack: [0x0000000018a00000,0x0000000018b00000]
[error occurred during error reporting (printing stack bounds), id 0xc0000005]

Native frames: (J=compiled Java code, j=interpreted, Vv=VM code, C=native code)


Current CompileTask:
C2: 563610 15377   !   4       org.eclipse.e4.ui.css.core.impl.engine.AbstractCSSEngine::applyStyles (295 bytes)


---------------  P R O C E S S  ---------------

Java Threads: ( => current thread )
  0x000000001a219800 JavaThread "Recommenders-Timeout-Manager" [_thread_blocked, id=4380, stack(0x0000000033aa0000,0x0000000033ba0000)]
  0x000000001c27e800 JavaThread "Worker-19" [_thread_blocked, id=1260, stack(0x00000000333a0000,0x00000000334a0000)]
  0x000000001c27a800 JavaThread "Worker-18" [_thread_blocked, id=5492, stack(0x0000000024ad0000,0x0000000024bd0000)]
  0x000000001c279000 JavaThread "Worker-17" [_thread_blocked, id=5964, stack(0x000000001f1c0000,0x000000001f2c0000)]
  0x000000001c277800 JavaThread "org.eclipse.jdt.internal.ui.text.JavaReconciler" daemon [_thread_blocked, id=5680, stack(0x0000000024630000,0x0000000024730000)]
  0x000000001c274000 JavaThread "org.eclipse.jdt.internal.ui.text.JavaReconciler" daemon [_thread_blocked, id=2740, stack(0x000000002f310000,0x000000002f410000)]
  0x000000001f5fa000 JavaThread "org.eclipse.jdt.internal.ui.text.JavaReconciler" daemon [_thread_blocked, id=3656, stack(0x000000002f210000,0x000000002f310000)]
  0x000000001f5f8000 JavaThread "Provisioning Event Dispatcher" daemon [_thread_blocked, id=4500, stack(0x00000000248b0000,0x00000000249b0000)]
  0x000000001f5f5800 JavaThread "Worker-15" [_thread_blocked, id=4336, stack(0x000000002e8c0000,0x000000002e9c0000)]
  0x000000001f5f6800 JavaThread "Thread-12" [_thread_blocked, id=4984, stack(0x000000002deb0000,0x000000002dfb0000)]
  0x000000001f5f1000 JavaThread "Timer-0" [_thread_blocked, id=4200, stack(0x0000000029a50000,0x0000000029b50000)]
  0x000000001f5f2800 JavaThread "org.eclipse.jdt.internal.ui.text.JavaReconciler" daemon [_thread_blocked, id=2344, stack(0x000000002dfb0000,0x000000002e0b0000)]
  0x000000001f5eb000 JavaThread "Thread-8" [_thread_blocked, id=2824, stack(0x00000000298f0000,0x00000000299f0000)]
  0x000000001f5f1800 JavaThread "[ThreadPool Manager] - Idle Thread" daemon [_thread_blocked, id=5296, stack(0x000000002a170000,0x000000002a270000)]
  0x000000001f5ee000 JavaThread "Worker-8" [_thread_blocked, id=1612, stack(0x00000000297a0000,0x00000000298a0000)]
  0x000000001f5eb800 JavaThread "Worker-6" [_thread_blocked, id=1628, stack(0x00000000293a0000,0x00000000294a0000)]
  0x000000001a21a800 JavaThread "com.google.inject.internal.util.$Finalizer" daemon [_thread_blocked, id=5252, stack(0x0000000028850000,0x0000000028950000)]
  0x000000001a21d800 JavaThread "org.eclipse.jdt.internal.ui.text.JavaReconciler" daemon [_thread_blocked, id=1640, stack(0x00000000268c0000,0x00000000269c0000)]
  0x000000001a21c800 JavaThread "EventAdmin Async Event Dispatcher Thread" daemon [_thread_blocked, id=4568, stack(0x00000000249d0000,0x0000000024ad0000)]
  0x000000001a218000 JavaThread "Java indexing" daemon [_thread_blocked, id=3400, stack(0x0000000020790000,0x0000000020890000)]
  0x000000001a216800 JavaThread "Bundle File Closer" daemon [_thread_blocked, id=2380, stack(0x000000001c3b0000,0x000000001c4b0000)]
  0x0000000019967800 JavaThread "EMF Reference Cleaner" daemon [_thread_blocked, id=5268, stack(0x000000001b0e0000,0x000000001b1e0000)]
  0x0000000019d17800 JavaThread "Worker-JM" [_thread_blocked, id=3756, stack(0x000000001afe0000,0x000000001b0e0000)]
  0x00000000194be000 JavaThread "[Timer] - Main Queue Handler" daemon [_thread_blocked, id=5248, stack(0x000000001abd0000,0x000000001acd0000)]
  0x00000000191b2800 JavaThread "Start Level: Equinox Container: c41d8f6a-7152-4cdc-8b76-1ae1cf3a9622" daemon [_thread_blocked, id=1480, stack(0x000000001a7d0000,0x000000001a8d0000)]
  0x0000000019126800 JavaThread "Framework Event Dispatcher: org.eclipse.osgi.internal.framework.EquinoxEventPublisher@3f4b840d" daemon [_thread_blocked, id=5700, stack(0x000000001a6d0000,0x000000001a7d0000)]
  0x0000000019202800 JavaThread "Active Thread: Equinox Container: c41d8f6a-7152-4cdc-8b76-1ae1cf3a9622" [_thread_blocked, id=5692, stack(0x000000001a5d0000,0x000000001a6d0000)]
  0x0000000018058800 JavaThread "Service Thread" daemon [_thread_blocked, id=3776, stack(0x0000000018c00000,0x0000000018d00000)]
  0x0000000017fcf800 JavaThread "C1 CompilerThread2" daemon [_thread_blocked, id=3948, stack(0x0000000018b00000,0x0000000018c00000)]
=>0x0000000017fcf000 JavaThread "C2 CompilerThread1" daemon [_thread_in_native, id=1764, stack(0x0000000018a00000,0x0000000018b00000)]
  0x0000000017fc5000 JavaThread "C2 CompilerThread0" daemon [_thread_blocked, id=5392, stack(0x0000000018900000,0x0000000018a00000)]
  0x0000000017fc4800 JavaThread "Attach Listener" daemon [_thread_blocked, id=5304, stack(0x0000000018800000,0x0000000018900000)]
  0x0000000017fc3800 JavaThread "Signal Dispatcher" daemon [_thread_blocked, id=4264, stack(0x0000000018700000,0x0000000018800000)]
  0x0000000017fc2800 JavaThread "Surrogate Locker Thread (Concurrent GC)" daemon [_thread_blocked, id=1276, stack(0x0000000018600000,0x0000000018700000)]
  0x0000000017f4a800 JavaThread "Finalizer" daemon [_thread_blocked, id=4852, stack(0x0000000018400000,0x0000000018500000)]
  0x0000000017f41000 JavaThread "Reference Handler" daemon [_thread_blocked, id=5108, stack(0x0000000018300000,0x0000000018400000)]
  0x00000000023be800 JavaThread "main" [_thread_in_native, id=4060, stack(0x0000000000040000,0x0000000000140000)]

Other Threads:
  0x00000000172dc800 VMThread [stack: 0x0000000018200000,0x0000000018300000] [id=3080]
  0x0000000018094000 WatcherThread [stack: 0x0000000018d00000,0x0000000018e00000] [id=2108]

VM state:not at safepoint (normal execution)

VM Mutex/Monitor currently owned by a thread: None

Heap:
 garbage-first heap   total 262144K, used 131709K [0x00000000c0000000, 0x00000000c0100800, 0x0000000100000000)
  region size 1024K, 52 young (53248K), 16 survivors (16384K)
 Metaspace       used 113789K, capacity 124304K, committed 124464K, reserved 1157120K
  class space    used 13990K, capacity 16853K, committed 16944K, reserved 1048576K

Heap Regions: (Y=young(eden), SU=young(survivor), HS=humongous(starts), HC=humongous(continues), CS=collection set, F=free, TS=gc time stamp, PTAMS=previous top-at-mark-start, NTAMS=next top-at-mark-start)
AC   0  O    TS     0 PTAMS 0x00000000c0000000 NTAMS 0x00000000c0000000 space 1024K,  99% used [0x00000000c0000000, 0x00000000c0100000)
AC   0  O    TS     0 PTAMS 0x00000000c0100000 NTAMS 0x00000000c0100000 space 1024K,  99% used [0x00000000c0100000, 0x00000000c0200000)
AC   0  O    TS     0 PTAMS 0x00000000c0200000 NTAMS 0x00000000c0200000 space 1024K,  99% used [0x00000000c0200000, 0x00000000c0300000)
AC   0  O    TS     0 PTAMS 0x00000000c0300000 NTAMS 0x00000000c0300000 space 1024K,  99% used [0x00000000c0300000, 0x00000000c0400000)
AC   0  O    TS     0 PTAMS 0x00000000c0400000 NTAMS 0x00000000c0400000 space 1024K,  99% used [0x00000000c0400000, 0x00000000c0500000)
AC   0  O    TS     0 PTAMS 0x00000000c0500000 NTAMS 0x00000000c0500000 space 1024K, 100% used [0x00000000c0500000, 0x00000000c0600000)
AC   0  O    TS     0 PTAMS 0x00000000c0600000 NTAMS 0x00000000c0600000 space 1024K, 100% used [0x00000000c0600000, 0x00000000c0700000)
AC   0  O    TS     0 PTAMS 0x00000000c0700000 NTAMS 0x00000000c0700000 space 1024K,  99% used [0x00000000c0700000, 0x00000000c0800000)
AC   0  O    TS     0 PTAMS 0x00000000c0800000 NTAMS 0x00000000c0800000 space 1024K,  99% used [0x00000000c0800000, 0x00000000c0900000)
AC   0  O    TS     0 PTAMS 0x00000000c0900000 NTAMS 0x00000000c0900000 space 1024K,  99% used [0x00000000c0900000, 0x00000000c0a00000)
AC   0  O    TS     0 PTAMS 0x00000000c0a00000 NTAMS 0x00000000c0a00000 space 1024K, 100% used [0x00000000c0a00000, 0x00000000c0b00000)
AC   0  O    TS     0 PTAMS 0x00000000c0b00000 NTAMS 0x00000000c0b00000 space 1024K, 100% used [0x00000000c0b00000, 0x00000000c0c00000)
AC   0  O    TS     0 PTAMS 0x00000000c0c00000 NTAMS 0x00000000c0c00000 space 1024K,  99% used [0x00000000c0c00000, 0x00000000c0d00000)
AC   0  O    TS     0 PTAMS 0x00000000c0d00000 NTAMS 0x00000000c0d00000 space 1024K,  99% used [0x00000000c0d00000, 0x00000000c0e00000)
AC   0  O    TS     0 PTAMS 0x00000000c0e00000 NTAMS 0x00000000c0e00000 space 1024K,  99% used [0x00000000c0e00000, 0x00000000c0f00000)
AC   0  O    TS     0 PTAMS 0x00000000c0f00000 NTAMS 0x00000000c0f00000 space 1024K,  99% used [0x00000000c0f00000, 0x00000000c1000000)
AC   0  O    TS     0 PTAMS 0x00000000c1000000 NTAMS 0x00000000c1000000 space 1024K,  99% used [0x00000000c1000000, 0x00000000c1100000)
AC   0  O    TS     0 PTAMS 0x00000000c1100000 NTAMS 0x00000000c1100000 space 1024K,  99% used [0x00000000c1100000, 0x00000000c1200000)
AC   0  O    TS     0 PTAMS 0x00000000c1200000 NTAMS 0x00000000c1200000 space 1024K,  99% used [0x00000000c1200000, 0x00000000c1300000)
AC   0  O    TS     0 PTAMS 0x00000000c1300000 NTAMS 0x00000000c1300000 space 1024K, 100% used [0x00000000c1300000, 0x00000000c1400000)
AC   0  O    TS     0 PTAMS 0x00000000c1400000 NTAMS 0x00000000c1400000 space 1024K,  99% used [0x00000000c1400000, 0x00000000c1500000)
AC   0  O    TS     0 PTAMS 0x00000000c1500000 NTAMS 0x00000000c1500000 space 1024K,  99% used [0x00000000c1500000, 0x00000000c1600000)
AC   0  O    TS     0 PTAMS 0x00000000c1600000 NTAMS 0x00000000c1600000 space 1024K,  99% used [0x00000000c1600000, 0x00000000c1700000)
AC   0  O    TS     0 PTAMS 0x00000000c1700000 NTAMS 0x00000000c1700000 space 1024K,  99% used [0x00000000c1700000, 0x00000000c1800000)
AC   0  O    TS     0 PTAMS 0x00000000c1800000 NTAMS 0x00000000c1800000 space 1024K, 100% used [0x00000000c1800000, 0x00000000c1900000)
AC   0  O    TS     0 PTAMS 0x00000000c1900000 NTAMS 0x00000000c1900000 space 1024K,  89% used [0x00000000c1900000, 0x00000000c1a00000)
AC   0  O    TS     0 PTAMS 0x00000000c1a00000 NTAMS 0x00000000c1a00000 space 1024K,  99% used [0x00000000c1a00000, 0x00000000c1b00000)
AC   0  O    TS     0 PTAMS 0x00000000c1b00000 NTAMS 0x00000000c1b00000 space 1024K,  99% used [0x00000000c1b00000, 0x00000000c1c00000)
AC   0  O    TS     0 PTAMS 0x00000000c1c00000 NTAMS 0x00000000c1c00000 space 1024K, 100% used [0x00000000c1c00000, 0x00000000c1d00000)
AC   0  O    TS     0 PTAMS 0x00000000c1d00000 NTAMS 0x00000000c1d00000 space 1024K,  99% used [0x00000000c1d00000, 0x00000000c1e00000)
AC   0  O    TS     0 PTAMS 0x00000000c1e00000 NTAMS 0x00000000c1e00000 space 1024K,  99% used [0x00000000c1e00000, 0x00000000c1f00000)
AC   0  O    TS     0 PTAMS 0x00000000c1f00000 NTAMS 0x00000000c1f00000 space 1024K,  99% used [0x00000000c1f00000, 0x00000000c2000000)
AC   0  O    TS     0 PTAMS 0x00000000c2000000 NTAMS 0x00000000c2000000 space 1024K,  99% used [0x00000000c2000000, 0x00000000c2100000)
AC   0  O    TS     0 PTAMS 0x00000000c2100000 NTAMS 0x00000000c2100000 space 1024K,  99% used [0x00000000c2100000, 0x00000000c2200000)
AC   0  O    TS     0 PTAMS 0x00000000c2200000 NTAMS 0x00000000c2200000 space 1024K,  99% used [0x00000000c2200000, 0x00000000c2300000)
AC   0  O    TS     0 PTAMS 0x00000000c2300000 NTAMS 0x00000000c2300000 space 1024K,  99% used [0x00000000c2300000, 0x00000000c2400000)
AC   0  O    TS     0 PTAMS 0x00000000c2400000 NTAMS 0x00000000c2400000 space 1024K,  99% used [0x00000000c2400000, 0x00000000c2500000)
AC   0  O    TS     0 PTAMS 0x00000000c2500000 NTAMS 0x00000000c2500000 space 1024K,  99% used [0x00000000c2500000, 0x00000000c2600000)
AC   0  O    TS     0 PTAMS 0x00000000c2600000 NTAMS 0x00000000c2600000 space 1024K, 100% used [0x00000000c2600000, 0x00000000c2700000)
AC   0  O    TS     0 PTAMS 0x00000000c2700000 NTAMS 0x00000000c2700000 space 1024K, 100% used [0x00000000c2700000, 0x00000000c2800000)
AC   0  O    TS     0 PTAMS 0x00000000c2800000 NTAMS 0x00000000c2800000 space 1024K, 100% used [0x00000000c2800000, 0x00000000c2900000)
AC   0  O    TS     0 PTAMS 0x00000000c2900000 NTAMS 0x00000000c2900000 space 1024K,  99% used [0x00000000c2900000, 0x00000000c2a00000)
AC   0 HS    TS     0 PTAMS 0x00000000c2a00000 NTAMS 0x00000000c2a00000 space 1024K,  50% used [0x00000000c2a00000, 0x00000000c2b00000)
AC   0  O    TS     0 PTAMS 0x00000000c2b00000 NTAMS 0x00000000c2b00000 space 1024K, 100% used [0x00000000c2b00000, 0x00000000c2c00000)
AC   0  O    TS     0 PTAMS 0x00000000c2c00000 NTAMS 0x00000000c2c00000 space 1024K, 100% used [0x00000000c2c00000, 0x00000000c2d00000)
AC   0  O    TS     0 PTAMS 0x00000000c2d00000 NTAMS 0x00000000c2d00000 space 1024K,  99% used [0x00000000c2d00000, 0x00000000c2e00000)
AC   0  O    TS     0 PTAMS 0x00000000c2e00000 NTAMS 0x00000000c2e00000 space 1024K,  99% used [0x00000000c2e00000, 0x00000000c2f00000)
AC   0  O    TS     0 PTAMS 0x00000000c2f00000 NTAMS 0x00000000c2f00000 space 1024K,  99% used [0x00000000c2f00000, 0x00000000c3000000)
AC   0  O    TS     0 PTAMS 0x00000000c3000000 NTAMS 0x00000000c3000000 space 1024K, 100% used [0x00000000c3000000, 0x00000000c3100000)
AC   0  O    TS     0 PTAMS 0x00000000c3100000 NTAMS 0x00000000c3100000 space 1024K,  99% used [0x00000000c3100000, 0x00000000c3200000)
AC   0  O    TS     0 PTAMS 0x00000000c3200000 NTAMS 0x00000000c3200000 space 1024K, 100% used [0x00000000c3200000, 0x00000000c3300000)
AC   0  O    TS     0 PTAMS 0x00000000c3300000 NTAMS 0x00000000c3300000 space 1024K,  99% used [0x00000000c3300000, 0x00000000c3400000)
AC   0  O    TS     0 PTAMS 0x00000000c3400000 NTAMS 0x00000000c3400000 space 1024K,  99% used [0x00000000c3400000, 0x00000000c3500000)
AC   0  O    TS     0 PTAMS 0x00000000c3500000 NTAMS 0x00000000c3500000 space 1024K,  99% used [0x00000000c3500000, 0x00000000c3600000)
AC   0  O    TS     0 PTAMS 0x00000000c3600000 NTAMS 0x00000000c3600000 space 1024K,  99% used [0x00000000c3600000, 0x00000000c3700000)
AC   0  O    TS     0 PTAMS 0x00000000c3700000 NTAMS 0x00000000c3700000 space 1024K,  99% used [0x00000000c3700000, 0x00000000c3800000)
AC   0  O    TS     0 PTAMS 0x00000000c3800000 NTAMS 0x00000000c3800000 space 1024K,  99% used [0x00000000c3800000, 0x00000000c3900000)
AC   0  O    TS     0 PTAMS 0x00000000c3900000 NTAMS 0x00000000c3900000 space 1024K, 100% used [0x00000000c3900000, 0x00000000c3a00000)
AC   0  O    TS     0 PTAMS 0x00000000c3a00000 NTAMS 0x00000000c3a00000 space 1024K,  99% used [0x00000000c3a00000, 0x00000000c3b00000)
AC   0  O    TS     0 PTAMS 0x00000000c3b00000 NTAMS 0x00000000c3b00000 space 1024K,  99% used [0x00000000c3b00000, 0x00000000c3c00000)
AC   0  O    TS     0 PTAMS 0x00000000c3c00000 NTAMS 0x00000000c3c00000 space 1024K,  99% used [0x00000000c3c00000, 0x00000000c3d00000)
AC   0  O    TS     0 PTAMS 0x00000000c3d00000 NTAMS 0x00000000c3d00000 space 1024K,  99% used [0x00000000c3d00000, 0x00000000c3e00000)
AC   0  O    TS     0 PTAMS 0x00000000c3e00000 NTAMS 0x00000000c3e00000 space 1024K,  99% used [0x00000000c3e00000, 0x00000000c3f00000)
AC   0  O    TS     0 PTAMS 0x00000000c3f00000 NTAMS 0x00000000c3f00000 space 1024K,  99% used [0x00000000c3f00000, 0x00000000c4000000)
AC   0  O    TS     0 PTAMS 0x00000000c4000000 NTAMS 0x00000000c4000000 space 1024K, 100% used [0x00000000c4000000, 0x00000000c4100000)
AC   0  O    TS     0 PTAMS 0x00000000c4100000 NTAMS 0x00000000c4100000 space 1024K,  99% used [0x00000000c4100000, 0x00000000c4200000)
AC   0  O    TS     0 PTAMS 0x00000000c4200000 NTAMS 0x00000000c4200000 space 1024K,  99% used [0x00000000c4200000, 0x00000000c4300000)
AC   0  O    TS     0 PTAMS 0x00000000c4300000 NTAMS 0x00000000c4300000 space 1024K,  99% used [0x00000000c4300000, 0x00000000c4400000)
AC   0  O    TS     0 PTAMS 0x00000000c4400000 NTAMS 0x00000000c4400000 space 1024K,  99% used [0x00000000c4400000, 0x00000000c4500000)
AC   0  O    TS     0 PTAMS 0x00000000c4500000 NTAMS 0x00000000c4500000 space 1024K,  99% used [0x00000000c4500000, 0x00000000c4600000)
AC   0  O    TS     0 PTAMS 0x00000000c4600000 NTAMS 0x00000000c4600000 space 1024K, 100% used [0x00000000c4600000, 0x00000000c4700000)
AC   0  O    TS     0 PTAMS 0x00000000c4700000 NTAMS 0x00000000c4700000 space 1024K,  99% used [0x00000000c4700000, 0x00000000c4800000)
AC   0  O    TS     0 PTAMS 0x00000000c4800000 NTAMS 0x00000000c4800000 space 1024K,  98% used [0x00000000c4800000, 0x00000000c4900000)
AC   0  O    TS     0 PTAMS 0x00000000c4900000 NTAMS 0x00000000c4900000 space 1024K,  99% used [0x00000000c4900000, 0x00000000c4a00000)
AC   0  O    TS     0 PTAMS 0x00000000c4a00000 NTAMS 0x00000000c4a00000 space 1024K,  99% used [0x00000000c4a00000, 0x00000000c4b00000)
AC   0  O    TS     0 PTAMS 0x00000000c4b00000 NTAMS 0x00000000c4b00000 space 1024K,  99% used [0x00000000c4b00000, 0x00000000c4c00000)
AC   0  O    TS     0 PTAMS 0x00000000c4c00000 NTAMS 0x00000000c4c00000 space 1024K,  99% used [0x00000000c4c00000, 0x00000000c4d00000)
AC   0  O    TS     0 PTAMS 0x00000000c4d00000 NTAMS 0x00000000c4d00000 space 1024K,  90% used [0x00000000c4d00000, 0x00000000c4e00000)
AC   0  F    TS     0 PTAMS 0x00000000c4e00000 NTAMS 0x00000000c4e00000 space 1024K,   0% used [0x00000000c4e00000, 0x00000000c4f00000)
AC   0 HS    TS     0 PTAMS 0x00000000c4f00000 NTAMS 0x00000000c4f00000 space 1024K,  84% used [0x00000000c4f00000, 0x00000000c5000000)
AC   0  F    TS     0 PTAMS 0x00000000c5000000 NTAMS 0x00000000c5000000 space 1024K,   0% used [0x00000000c5000000, 0x00000000c5100000)
AC   0  F    TS     0 PTAMS 0x00000000c5100000 NTAMS 0x00000000c5100000 space 1024K,   0% used [0x00000000c5100000, 0x00000000c5200000)
AC   0  F    TS     0 PTAMS 0x00000000c5200000 NTAMS 0x00000000c5200000 space 1024K,   0% used [0x00000000c5200000, 0x00000000c5300000)
AC   0  F    TS     0 PTAMS 0x00000000c5300000 NTAMS 0x00000000c5300000 space 1024K,   0% used [0x00000000c5300000, 0x00000000c5400000)
AC   0  F    TS     0 PTAMS 0x00000000c5400000 NTAMS 0x00000000c5400000 space 1024K,   0% used [0x00000000c5400000, 0x00000000c5500000)
AC   0  F    TS     0 PTAMS 0x00000000c5500000 NTAMS 0x00000000c5500000 space 1024K,   0% used [0x00000000c5500000, 0x00000000c5600000)
AC   0  F    TS     0 PTAMS 0x00000000c5600000 NTAMS 0x00000000c5600000 space 1024K,   0% used [0x00000000c5600000, 0x00000000c5700000)
AC   0  F    TS     0 PTAMS 0x00000000c5700000 NTAMS 0x00000000c5700000 space 1024K,   0% used [0x00000000c5700000, 0x00000000c5800000)
AC   0  F    TS     0 PTAMS 0x00000000c5800000 NTAMS 0x00000000c5800000 space 1024K,   0% used [0x00000000c5800000, 0x00000000c5900000)
AC   0  F    TS     0 PTAMS 0x00000000c5900000 NTAMS 0x00000000c5900000 space 1024K,   0% used [0x00000000c5900000, 0x00000000c5a00000)
AC   0  F    TS     0 PTAMS 0x00000000c5a00000 NTAMS 0x00000000c5a00000 space 1024K,   0% used [0x00000000c5a00000, 0x00000000c5b00000)
AC   0  F    TS     0 PTAMS 0x00000000c5b00000 NTAMS 0x00000000c5b00000 space 1024K,   0% used [0x00000000c5b00000, 0x00000000c5c00000)
AC   0  F    TS     0 PTAMS 0x00000000c5c00000 NTAMS 0x00000000c5c00000 space 1024K,   0% used [0x00000000c5c00000, 0x00000000c5d00000)
AC   0  F    TS     0 PTAMS 0x00000000c5d00000 NTAMS 0x00000000c5d00000 space 1024K,   0% used [0x00000000c5d00000, 0x00000000c5e00000)
AC   0  F    TS     0 PTAMS 0x00000000c5e00000 NTAMS 0x00000000c5e00000 space 1024K,   0% used [0x00000000c5e00000, 0x00000000c5f00000)
AC   0  F    TS     0 PTAMS 0x00000000c5f00000 NTAMS 0x00000000c5f00000 space 1024K,   0% used [0x00000000c5f00000, 0x00000000c6000000)
AC   0  F    TS     0 PTAMS 0x00000000c6000000 NTAMS 0x00000000c6000000 space 1024K,   0% used [0x00000000c6000000, 0x00000000c6100000)
AC   0  F    TS     0 PTAMS 0x00000000c6100000 NTAMS 0x00000000c6100000 space 1024K,   0% used [0x00000000c6100000, 0x00000000c6200000)
AC   0  F    TS     0 PTAMS 0x00000000c6200000 NTAMS 0x00000000c6200000 space 1024K,   0% used [0x00000000c6200000, 0x00000000c6300000)
AC   0  F    TS     0 PTAMS 0x00000000c6300000 NTAMS 0x00000000c6300000 space 1024K,   0% used [0x00000000c6300000, 0x00000000c6400000)
AC   0  F    TS     0 PTAMS 0x00000000c6400000 NTAMS 0x00000000c6400000 space 1024K,   0% used [0x00000000c6400000, 0x00000000c6500000)
AC   0  F    TS     0 PTAMS 0x00000000c6500000 NTAMS 0x00000000c6500000 space 1024K,   0% used [0x00000000c6500000, 0x00000000c6600000)
AC   0  F    TS     0 PTAMS 0x00000000c6600000 NTAMS 0x00000000c6600000 space 1024K,   0% used [0x00000000c6600000, 0x00000000c6700000)
AC   0  F    TS     0 PTAMS 0x00000000c6700000 NTAMS 0x00000000c6700000 space 1024K,   0% used [0x00000000c6700000, 0x00000000c6800000)
AC   0  F    TS     0 PTAMS 0x00000000c6800000 NTAMS 0x00000000c6800000 space 1024K,   0% used [0x00000000c6800000, 0x00000000c6900000)
AC   0  F    TS     0 PTAMS 0x00000000c6900000 NTAMS 0x00000000c6900000 space 1024K,   0% used [0x00000000c6900000, 0x00000000c6a00000)
AC   0  F    TS     0 PTAMS 0x00000000c6a00000 NTAMS 0x00000000c6a00000 space 1024K,   0% used [0x00000000c6a00000, 0x00000000c6b00000)
AC   0  F    TS     0 PTAMS 0x00000000c6b00000 NTAMS 0x00000000c6b00000 space 1024K,   0% used [0x00000000c6b00000, 0x00000000c6c00000)
AC   0  S CS TS     1 PTAMS 0x00000000c6c00000 NTAMS 0x00000000c6c00000 space 1024K,  49% used [0x00000000c6c00000, 0x00000000c6d00000)
AC   0  S CS TS     1 PTAMS 0x00000000c6d00000 NTAMS 0x00000000c6d00000 space 1024K, 100% used [0x00000000c6d00000, 0x00000000c6e00000)
AC   0  S CS TS     1 PTAMS 0x00000000c6e00000 NTAMS 0x00000000c6e00000 space 1024K, 100% used [0x00000000c6e00000, 0x00000000c6f00000)
AC   0  S CS TS     1 PTAMS 0x00000000c6f00000 NTAMS 0x00000000c6f00000 space 1024K, 100% used [0x00000000c6f00000, 0x00000000c7000000)
AC   0  S CS TS     1 PTAMS 0x00000000c7000000 NTAMS 0x00000000c7000000 space 1024K, 100% used [0x00000000c7000000, 0x00000000c7100000)
AC   0  S CS TS     1 PTAMS 0x00000000c7100000 NTAMS 0x00000000c7100000 space 1024K, 100% used [0x00000000c7100000, 0x00000000c7200000)
AC   0  S CS TS     1 PTAMS 0x00000000c7200000 NTAMS 0x00000000c7200000 space 1024K, 100% used [0x00000000c7200000, 0x00000000c7300000)
AC   0  S CS TS     1 PTAMS 0x00000000c7300000 NTAMS 0x00000000c7300000 space 1024K, 100% used [0x00000000c7300000, 0x00000000c7400000)
AC   0  S CS TS     1 PTAMS 0x00000000c7400000 NTAMS 0x00000000c7400000 space 1024K, 100% used [0x00000000c7400000, 0x00000000c7500000)
AC   0  S CS TS     1 PTAMS 0x00000000c7500000 NTAMS 0x00000000c7500000 space 1024K, 100% used [0x00000000c7500000, 0x00000000c7600000)
AC   0  S CS TS     1 PTAMS 0x00000000c7600000 NTAMS 0x00000000c7600000 space 1024K, 100% used [0x00000000c7600000, 0x00000000c7700000)
AC   0  S CS TS     1 PTAMS 0x00000000c7700000 NTAMS 0x00000000c7700000 space 1024K, 100% used [0x00000000c7700000, 0x00000000c7800000)
AC   0  S CS TS     1 PTAMS 0x00000000c7800000 NTAMS 0x00000000c7800000 space 1024K, 100% used [0x00000000c7800000, 0x00000000c7900000)
AC   0  S CS TS     1 PTAMS 0x00000000c7900000 NTAMS 0x00000000c7900000 space 1024K, 100% used [0x00000000c7900000, 0x00000000c7a00000)
AC   0  S CS TS     1 PTAMS 0x00000000c7a00000 NTAMS 0x00000000c7a00000 space 1024K, 100% used [0x00000000c7a00000, 0x00000000c7b00000)
AC   0  S CS TS     1 PTAMS 0x00000000c7b00000 NTAMS 0x00000000c7b00000 space 1024K, 100% used [0x00000000c7b00000, 0x00000000c7c00000)
AC   0  F    TS     0 PTAMS 0x00000000c7c00000 NTAMS 0x00000000c7c00000 space 1024K,   0% used [0x00000000c7c00000, 0x00000000c7d00000)
AC   0  F    TS     0 PTAMS 0x00000000c7d00000 NTAMS 0x00000000c7d00000 space 1024K,   0% used [0x00000000c7d00000, 0x00000000c7e00000)
AC   0  F    TS     0 PTAMS 0x00000000c7e00000 NTAMS 0x00000000c7e00000 space 1024K,   0% used [0x00000000c7e00000, 0x00000000c7f00000)
AC   0  F    TS     0 PTAMS 0x00000000c7f00000 NTAMS 0x00000000c7f00000 space 1024K,   0% used [0x00000000c7f00000, 0x00000000c8000000)
AC   0  F    TS     0 PTAMS 0x00000000c8000000 NTAMS 0x00000000c8000000 space 1024K,   0% used [0x00000000c8000000, 0x00000000c8100000)
AC   0  F    TS     0 PTAMS 0x00000000c8100000 NTAMS 0x00000000c8100000 space 1024K,   0% used [0x00000000c8100000, 0x00000000c8200000)
AC   0  F    TS     0 PTAMS 0x00000000c8200000 NTAMS 0x00000000c8200000 space 1024K,   0% used [0x00000000c8200000, 0x00000000c8300000)
AC   0  F    TS     0 PTAMS 0x00000000c8300000 NTAMS 0x00000000c8300000 space 1024K,   0% used [0x00000000c8300000, 0x00000000c8400000)
AC   0  F    TS     0 PTAMS 0x00000000c8400000 NTAMS 0x00000000c8400000 space 1024K,   0% used [0x00000000c8400000, 0x00000000c8500000)
AC   0  F    TS     0 PTAMS 0x00000000c8500000 NTAMS 0x00000000c8500000 space 1024K,   0% used [0x00000000c8500000, 0x00000000c8600000)
AC   0  F    TS     0 PTAMS 0x00000000c8600000 NTAMS 0x00000000c8600000 space 1024K,   0% used [0x00000000c8600000, 0x00000000c8700000)
AC   0  F    TS     0 PTAMS 0x00000000c8700000 NTAMS 0x00000000c8700000 space 1024K,   0% used [0x00000000c8700000, 0x00000000c8800000)
AC   0  F    TS     0 PTAMS 0x00000000c8800000 NTAMS 0x00000000c8800000 space 1024K,   0% used [0x00000000c8800000, 0x00000000c8900000)
AC   0  F    TS     0 PTAMS 0x00000000c8900000 NTAMS 0x00000000c8900000 space 1024K,   0% used [0x00000000c8900000, 0x00000000c8a00000)
AC   0  F    TS     0 PTAMS 0x00000000c8a00000 NTAMS 0x00000000c8a00000 space 1024K,   0% used [0x00000000c8a00000, 0x00000000c8b00000)
AC   0  F    TS     0 PTAMS 0x00000000c8b00000 NTAMS 0x00000000c8b00000 space 1024K,   0% used [0x00000000c8b00000, 0x00000000c8c00000)
AC   0  F    TS     0 PTAMS 0x00000000c8c00000 NTAMS 0x00000000c8c00000 space 1024K,   0% used [0x00000000c8c00000, 0x00000000c8d00000)
AC   0  F    TS     0 PTAMS 0x00000000c8d00000 NTAMS 0x00000000c8d00000 space 1024K,   0% used [0x00000000c8d00000, 0x00000000c8e00000)
AC   0  F    TS     0 PTAMS 0x00000000c8e00000 NTAMS 0x00000000c8e00000 space 1024K,   0% used [0x00000000c8e00000, 0x00000000c8f00000)
AC   0  F    TS     0 PTAMS 0x00000000c8f00000 NTAMS 0x00000000c8f00000 space 1024K,   0% used [0x00000000c8f00000, 0x00000000c9000000)
AC   0  F    TS     0 PTAMS 0x00000000c9000000 NTAMS 0x00000000c9000000 space 1024K,   0% used [0x00000000c9000000, 0x00000000c9100000)
AC   0  F    TS     0 PTAMS 0x00000000c9100000 NTAMS 0x00000000c9100000 space 1024K,   0% used [0x00000000c9100000, 0x00000000c9200000)
AC   0  F    TS     0 PTAMS 0x00000000c9200000 NTAMS 0x00000000c9200000 space 1024K,   0% used [0x00000000c9200000, 0x00000000c9300000)
AC   0  F    TS     0 PTAMS 0x00000000c9300000 NTAMS 0x00000000c9300000 space 1024K,   0% used [0x00000000c9300000, 0x00000000c9400000)
AC   0  F    TS     0 PTAMS 0x00000000c9400000 NTAMS 0x00000000c9400000 space 1024K,   0% used [0x00000000c9400000, 0x00000000c9500000)
AC   0  F    TS     0 PTAMS 0x00000000c9500000 NTAMS 0x00000000c9500000 space 1024K,   0% used [0x00000000c9500000, 0x00000000c9600000)
AC   0  F    TS     0 PTAMS 0x00000000c9600000 NTAMS 0x00000000c9600000 space 1024K,   0% used [0x00000000c9600000, 0x00000000c9700000)
AC   0  F    TS     0 PTAMS 0x00000000c9700000 NTAMS 0x00000000c9700000 space 1024K,   0% used [0x00000000c9700000, 0x00000000c9800000)
AC   0  F    TS     0 PTAMS 0x00000000c9800000 NTAMS 0x00000000c9800000 space 1024K,   0% used [0x00000000c9800000, 0x00000000c9900000)
AC   0  F    TS     0 PTAMS 0x00000000c9900000 NTAMS 0x00000000c9900000 space 1024K,   0% used [0x00000000c9900000, 0x00000000c9a00000)
AC   0  F    TS     0 PTAMS 0x00000000c9a00000 NTAMS 0x00000000c9a00000 space 1024K,   0% used [0x00000000c9a00000, 0x00000000c9b00000)
AC   0  F    TS     0 PTAMS 0x00000000c9b00000 NTAMS 0x00000000c9b00000 space 1024K,   0% used [0x00000000c9b00000, 0x00000000c9c00000)
AC   0  F    TS     0 PTAMS 0x00000000c9c00000 NTAMS 0x00000000c9c00000 space 1024K,   0% used [0x00000000c9c00000, 0x00000000c9d00000)
AC   0  F    TS     0 PTAMS 0x00000000c9d00000 NTAMS 0x00000000c9d00000 space 1024K,   0% used [0x00000000c9d00000, 0x00000000c9e00000)
AC   0  F    TS     0 PTAMS 0x00000000c9e00000 NTAMS 0x00000000c9e00000 space 1024K,   0% used [0x00000000c9e00000, 0x00000000c9f00000)
AC   0  F    TS     0 PTAMS 0x00000000c9f00000 NTAMS 0x00000000c9f00000 space 1024K,   0% used [0x00000000c9f00000, 0x00000000ca000000)
AC   0  F    TS     0 PTAMS 0x00000000ca000000 NTAMS 0x00000000ca000000 space 1024K,   0% used [0x00000000ca000000, 0x00000000ca100000)
AC   0  F    TS     0 PTAMS 0x00000000ca100000 NTAMS 0x00000000ca100000 space 1024K,   0% used [0x00000000ca100000, 0x00000000ca200000)
AC   0  F    TS     0 PTAMS 0x00000000ca200000 NTAMS 0x00000000ca200000 space 1024K,   0% used [0x00000000ca200000, 0x00000000ca300000)
AC   0  F    TS     0 PTAMS 0x00000000ca300000 NTAMS 0x00000000ca300000 space 1024K,   0% used [0x00000000ca300000, 0x00000000ca400000)
AC   0  F    TS     0 PTAMS 0x00000000ca400000 NTAMS 0x00000000ca400000 space 1024K,   0% used [0x00000000ca400000, 0x00000000ca500000)
AC   0  F    TS     0 PTAMS 0x00000000ca500000 NTAMS 0x00000000ca500000 space 1024K,   0% used [0x00000000ca500000, 0x00000000ca600000)
AC   0  F    TS     0 PTAMS 0x00000000ca600000 NTAMS 0x00000000ca600000 space 1024K,   0% used [0x00000000ca600000, 0x00000000ca700000)
AC   0  F    TS     0 PTAMS 0x00000000ca700000 NTAMS 0x00000000ca700000 space 1024K,   0% used [0x00000000ca700000, 0x00000000ca800000)
AC   0  F    TS     0 PTAMS 0x00000000ca800000 NTAMS 0x00000000ca800000 space 1024K,   0% used [0x00000000ca800000, 0x00000000ca900000)
AC   0  F    TS     0 PTAMS 0x00000000ca900000 NTAMS 0x00000000ca900000 space 1024K,   0% used [0x00000000ca900000, 0x00000000caa00000)
AC   0  F    TS     0 PTAMS 0x00000000caa00000 NTAMS 0x00000000caa00000 space 1024K,   0% used [0x00000000caa00000, 0x00000000cab00000)
AC   0  F    TS     0 PTAMS 0x00000000cab00000 NTAMS 0x00000000cab00000 space 1024K,   0% used [0x00000000cab00000, 0x00000000cac00000)
AC   0  F    TS     0 PTAMS 0x00000000cac00000 NTAMS 0x00000000cac00000 space 1024K,   0% used [0x00000000cac00000, 0x00000000cad00000)
AC   0  F    TS     0 PTAMS 0x00000000cad00000 NTAMS 0x00000000cad00000 space 1024K,   0% used [0x00000000cad00000, 0x00000000cae00000)
AC   0  F    TS     0 PTAMS 0x00000000cae00000 NTAMS 0x00000000cae00000 space 1024K,   0% used [0x00000000cae00000, 0x00000000caf00000)
AC   0  F    TS     0 PTAMS 0x00000000caf00000 NTAMS 0x00000000caf00000 space 1024K,   0% used [0x00000000caf00000, 0x00000000cb000000)
AC   0  F    TS     0 PTAMS 0x00000000cb000000 NTAMS 0x00000000cb000000 space 1024K,   0% used [0x00000000cb000000, 0x00000000cb100000)
AC   0  F    TS     0 PTAMS 0x00000000cb100000 NTAMS 0x00000000cb100000 space 1024K,   0% used [0x00000000cb100000, 0x00000000cb200000)
AC   0  F    TS     0 PTAMS 0x00000000cb200000 NTAMS 0x00000000cb200000 space 1024K,   0% used [0x00000000cb200000, 0x00000000cb300000)
AC   0  F    TS     0 PTAMS 0x00000000cb300000 NTAMS 0x00000000cb300000 space 1024K,   0% used [0x00000000cb300000, 0x00000000cb400000)
AC   0  F    TS     0 PTAMS 0x00000000cb400000 NTAMS 0x00000000cb400000 space 1024K,   0% used [0x00000000cb400000, 0x00000000cb500000)
AC   0  F    TS     0 PTAMS 0x00000000cb500000 NTAMS 0x00000000cb500000 space 1024K,   0% used [0x00000000cb500000, 0x00000000cb600000)
AC   0  F    TS     0 PTAMS 0x00000000cb600000 NTAMS 0x00000000cb600000 space 1024K,   0% used [0x00000000cb600000, 0x00000000cb700000)
AC   0  F    TS     0 PTAMS 0x00000000cb700000 NTAMS 0x00000000cb700000 space 1024K,   0% used [0x00000000cb700000, 0x00000000cb800000)
AC   0  F    TS     0 PTAMS 0x00000000cb800000 NTAMS 0x00000000cb800000 space 1024K,   0% used [0x00000000cb800000, 0x00000000cb900000)
AC   0  F    TS     0 PTAMS 0x00000000cb900000 NTAMS 0x00000000cb900000 space 1024K,   0% used [0x00000000cb900000, 0x00000000cba00000)
AC   0  F    TS     0 PTAMS 0x00000000cba00000 NTAMS 0x00000000cba00000 space 1024K,   0% used [0x00000000cba00000, 0x00000000cbb00000)
AC   0  F    TS     0 PTAMS 0x00000000cbb00000 NTAMS 0x00000000cbb00000 space 1024K,   0% used [0x00000000cbb00000, 0x00000000cbc00000)
AC   0  F    TS     0 PTAMS 0x00000000cbc00000 NTAMS 0x00000000cbc00000 space 1024K,   0% used [0x00000000cbc00000, 0x00000000cbd00000)
AC   0  F    TS     0 PTAMS 0x00000000cbd00000 NTAMS 0x00000000cbd00000 space 1024K,   0% used [0x00000000cbd00000, 0x00000000cbe00000)
AC   0  F    TS     0 PTAMS 0x00000000cbe00000 NTAMS 0x00000000cbe00000 space 1024K,   0% used [0x00000000cbe00000, 0x00000000cbf00000)
AC   0  F    TS     0 PTAMS 0x00000000cbf00000 NTAMS 0x00000000cbf00000 space 1024K,   0% used [0x00000000cbf00000, 0x00000000cc000000)
AC   0  F    TS     0 PTAMS 0x00000000cc000000 NTAMS 0x00000000cc000000 space 1024K,   0% used [0x00000000cc000000, 0x00000000cc100000)
AC   0  F    TS     0 PTAMS 0x00000000cc100000 NTAMS 0x00000000cc100000 space 1024K,   0% used [0x00000000cc100000, 0x00000000cc200000)
AC   0  F    TS     0 PTAMS 0x00000000cc200000 NTAMS 0x00000000cc200000 space 1024K,   0% used [0x00000000cc200000, 0x00000000cc300000)
AC   0  F    TS     0 PTAMS 0x00000000cc300000 NTAMS 0x00000000cc300000 space 1024K,   0% used [0x00000000cc300000, 0x00000000cc400000)
AC   0  F    TS     0 PTAMS 0x00000000cc400000 NTAMS 0x00000000cc400000 space 1024K,   0% used [0x00000000cc400000, 0x00000000cc500000)
AC   0  F    TS     0 PTAMS 0x00000000cc500000 NTAMS 0x00000000cc500000 space 1024K,   0% used [0x00000000cc500000, 0x00000000cc600000)
AC   0  F    TS     0 PTAMS 0x00000000cc600000 NTAMS 0x00000000cc600000 space 1024K,   0% used [0x00000000cc600000, 0x00000000cc700000)
AC   0  F    TS     0 PTAMS 0x00000000cc700000 NTAMS 0x00000000cc700000 space 1024K,   0% used [0x00000000cc700000, 0x00000000cc800000)
AC   0  F    TS     0 PTAMS 0x00000000cc800000 NTAMS 0x00000000cc800000 space 1024K,   0% used [0x00000000cc800000, 0x00000000cc900000)
AC   0  F    TS     0 PTAMS 0x00000000cc900000 NTAMS 0x00000000cc900000 space 1024K,   0% used [0x00000000cc900000, 0x00000000cca00000)
AC   0  F    TS     0 PTAMS 0x00000000cca00000 NTAMS 0x00000000cca00000 space 1024K,   0% used [0x00000000cca00000, 0x00000000ccb00000)
AC   0  F    TS     0 PTAMS 0x00000000ccb00000 NTAMS 0x00000000ccb00000 space 1024K,   0% used [0x00000000ccb00000, 0x00000000ccc00000)
AC   0  F    TS     0 PTAMS 0x00000000ccc00000 NTAMS 0x00000000ccc00000 space 1024K,   0% used [0x00000000ccc00000, 0x00000000ccd00000)
AC   0  F    TS     0 PTAMS 0x00000000ccd00000 NTAMS 0x00000000ccd00000 space 1024K,   0% used [0x00000000ccd00000, 0x00000000cce00000)
AC   0  F    TS     0 PTAMS 0x00000000cce00000 NTAMS 0x00000000cce00000 space 1024K,   0% used [0x00000000cce00000, 0x00000000ccf00000)
AC   0  F    TS     0 PTAMS 0x00000000ccf00000 NTAMS 0x00000000ccf00000 space 1024K,   0% used [0x00000000ccf00000, 0x00000000cd000000)
AC   0  F    TS     0 PTAMS 0x00000000cd000000 NTAMS 0x00000000cd000000 space 1024K,   0% used [0x00000000cd000000, 0x00000000cd100000)
AC   0  F    TS     0 PTAMS 0x00000000cd100000 NTAMS 0x00000000cd100000 space 1024K,   0% used [0x00000000cd100000, 0x00000000cd200000)
AC   0  F    TS     0 PTAMS 0x00000000cd200000 NTAMS 0x00000000cd200000 space 1024K,   0% used [0x00000000cd200000, 0x00000000cd300000)
AC   0  F    TS     0 PTAMS 0x00000000cd300000 NTAMS 0x00000000cd300000 space 1024K,   0% used [0x00000000cd300000, 0x00000000cd400000)
AC   0  F    TS     0 PTAMS 0x00000000cd400000 NTAMS 0x00000000cd400000 space 1024K,   0% used [0x00000000cd400000, 0x00000000cd500000)
AC   0  F    TS     0 PTAMS 0x00000000cd500000 NTAMS 0x00000000cd500000 space 1024K,   0% used [0x00000000cd500000, 0x00000000cd600000)
AC   0  F    TS     0 PTAMS 0x00000000cd600000 NTAMS 0x00000000cd600000 space 1024K,   0% used [0x00000000cd600000, 0x00000000cd700000)
AC   0  F    TS     0 PTAMS 0x00000000cd700000 NTAMS 0x00000000cd700000 space 1024K,   0% used [0x00000000cd700000, 0x00000000cd800000)
AC   0  F    TS     0 PTAMS 0x00000000cd800000 NTAMS 0x00000000cd800000 space 1024K,   0% used [0x00000000cd800000, 0x00000000cd900000)
AC   0  F    TS     0 PTAMS 0x00000000cd900000 NTAMS 0x00000000cd900000 space 1024K,   0% used [0x00000000cd900000, 0x00000000cda00000)
AC   0  F    TS     0 PTAMS 0x00000000cda00000 NTAMS 0x00000000cda00000 space 1024K,   0% used [0x00000000cda00000, 0x00000000cdb00000)
AC   0  F    TS     0 PTAMS 0x00000000cdb00000 NTAMS 0x00000000cdb00000 space 1024K,   0% used [0x00000000cdb00000, 0x00000000cdc00000)
AC   0  E    TS     0 PTAMS 0x00000000cdc00000 NTAMS 0x00000000cdc00000 space 1024K, 100% used [0x00000000cdc00000, 0x00000000cdd00000)
AC   0  E CS TS     0 PTAMS 0x00000000cdd00000 NTAMS 0x00000000cdd00000 space 1024K, 100% used [0x00000000cdd00000, 0x00000000cde00000)
AC   0  E CS TS     0 PTAMS 0x00000000cde00000 NTAMS 0x00000000cde00000 space 1024K, 100% used [0x00000000cde00000, 0x00000000cdf00000)
AC   0  E CS TS     0 PTAMS 0x00000000cdf00000 NTAMS 0x00000000cdf00000 space 1024K, 100% used [0x00000000cdf00000, 0x00000000ce000000)
AC   0  E CS TS     0 PTAMS 0x00000000ce000000 NTAMS 0x00000000ce000000 space 1024K, 100% used [0x00000000ce000000, 0x00000000ce100000)
AC   0  E CS TS     0 PTAMS 0x00000000ce100000 NTAMS 0x00000000ce100000 space 1024K, 100% used [0x00000000ce100000, 0x00000000ce200000)
AC   0  E CS TS     0 PTAMS 0x00000000ce200000 NTAMS 0x00000000ce200000 space 1024K, 100% used [0x00000000ce200000, 0x00000000ce300000)
AC   0  E CS TS     0 PTAMS 0x00000000ce300000 NTAMS 0x00000000ce300000 space 1024K, 100% used [0x00000000ce300000, 0x00000000ce400000)
AC   0  E CS TS     0 PTAMS 0x00000000ce400000 NTAMS 0x00000000ce400000 space 1024K, 100% used [0x00000000ce400000, 0x00000000ce500000)
AC   0  E CS TS     0 PTAMS 0x00000000ce500000 NTAMS 0x00000000ce500000 space 1024K, 100% used [0x00000000ce500000, 0x00000000ce600000)
AC   0  E CS TS     0 PTAMS 0x00000000ce600000 NTAMS 0x00000000ce600000 space 1024K, 100% used [0x00000000ce600000, 0x00000000ce700000)
AC   0  E CS TS     0 PTAMS 0x00000000ce700000 NTAMS 0x00000000ce700000 space 1024K, 100% used [0x00000000ce700000, 0x00000000ce800000)
AC   0  E CS TS     0 PTAMS 0x00000000ce800000 NTAMS 0x00000000ce800000 space 1024K, 100% used [0x00000000ce800000, 0x00000000ce900000)
AC   0  E CS TS     0 PTAMS 0x00000000ce900000 NTAMS 0x00000000ce900000 space 1024K, 100% used [0x00000000ce900000, 0x00000000cea00000)
AC   0  E CS TS     0 PTAMS 0x00000000cea00000 NTAMS 0x00000000cea00000 space 1024K, 100% used [0x00000000cea00000, 0x00000000ceb00000)
AC   0  E CS TS     0 PTAMS 0x00000000ceb00000 NTAMS 0x00000000ceb00000 space 1024K, 100% used [0x00000000ceb00000, 0x00000000cec00000)
AC   0  E CS TS     0 PTAMS 0x00000000cec00000 NTAMS 0x00000000cec00000 space 1024K, 100% used [0x00000000cec00000, 0x00000000ced00000)
AC   0  E CS TS     0 PTAMS 0x00000000ced00000 NTAMS 0x00000000ced00000 space 1024K, 100% used [0x00000000ced00000, 0x00000000cee00000)
AC   0  E CS TS     0 PTAMS 0x00000000cee00000 NTAMS 0x00000000cee00000 space 1024K, 100% used [0x00000000cee00000, 0x00000000cef00000)
AC   0  E CS TS     0 PTAMS 0x00000000cef00000 NTAMS 0x00000000cef00000 space 1024K, 100% used [0x00000000cef00000, 0x00000000cf000000)
AC   0  E CS TS     0 PTAMS 0x00000000cf000000 NTAMS 0x00000000cf000000 space 1024K, 100% used [0x00000000cf000000, 0x00000000cf100000)
AC   0  E CS TS     0 PTAMS 0x00000000cf100000 NTAMS 0x00000000cf100000 space 1024K, 100% used [0x00000000cf100000, 0x00000000cf200000)
AC   0  E CS TS     0 PTAMS 0x00000000cf200000 NTAMS 0x00000000cf200000 space 1024K, 100% used [0x00000000cf200000, 0x00000000cf300000)
AC   0  E CS TS     0 PTAMS 0x00000000cf300000 NTAMS 0x00000000cf300000 space 1024K, 100% used [0x00000000cf300000, 0x00000000cf400000)
AC   0  E CS TS     0 PTAMS 0x00000000cf400000 NTAMS 0x00000000cf400000 space 1024K, 100% used [0x00000000cf400000, 0x00000000cf500000)
AC   0  E CS TS     0 PTAMS 0x00000000cf500000 NTAMS 0x00000000cf500000 space 1024K, 100% used [0x00000000cf500000, 0x00000000cf600000)
AC   0  E CS TS     0 PTAMS 0x00000000cf600000 NTAMS 0x00000000cf600000 space 1024K, 100% used [0x00000000cf600000, 0x00000000cf700000)
AC   0  E CS TS     0 PTAMS 0x00000000cf700000 NTAMS 0x00000000cf700000 space 1024K, 100% used [0x00000000cf700000, 0x00000000cf800000)
AC   0  E CS TS     0 PTAMS 0x00000000cf800000 NTAMS 0x00000000cf800000 space 1024K, 100% used [0x00000000cf800000, 0x00000000cf900000)
AC   0  E CS TS     0 PTAMS 0x00000000cf900000 NTAMS 0x00000000cf900000 space 1024K, 100% used [0x00000000cf900000, 0x00000000cfa00000)
AC   0  E CS TS     0 PTAMS 0x00000000cfa00000 NTAMS 0x00000000cfa00000 space 1024K, 100% used [0x00000000cfa00000, 0x00000000cfb00000)
AC   0  E CS TS     0 PTAMS 0x00000000cfb00000 NTAMS 0x00000000cfb00000 space 1024K, 100% used [0x00000000cfb00000, 0x00000000cfc00000)
AC   0  E CS TS     0 PTAMS 0x00000000cfc00000 NTAMS 0x00000000cfc00000 space 1024K, 100% used [0x00000000cfc00000, 0x00000000cfd00000)
AC   0  E CS TS     0 PTAMS 0x00000000cfd00000 NTAMS 0x00000000cfd00000 space 1024K, 100% used [0x00000000cfd00000, 0x00000000cfe00000)
AC   0  E CS TS     0 PTAMS 0x00000000cfe00000 NTAMS 0x00000000cfe00000 space 1024K, 100% used [0x00000000cfe00000, 0x00000000cff00000)
AC   0  E CS TS     0 PTAMS 0x00000000cff00000 NTAMS 0x00000000cff00000 space 1024K, 100% used [0x00000000cff00000, 0x00000000d0000000)

Card table byte_map: [0x00000000128c0000,0x0000000012ac0000] byte_map_base: 0x00000000122c0000

Marking Bits (Prev, Next): (CMBitMap*) 0x0000000002298aa0, (CMBitMap*) 0x0000000002298a48
 Prev Bits: [0x0000000013cc0000, 0x0000000014cc0000)
 Next Bits: [0x0000000012cc0000, 0x0000000013cc0000)

Polling page: 0x00000000002e0000

CodeCache: size=245760Kb used=45846Kb max_used=46162Kb free=199913Kb
 bounds [0x00000000023c0000, 0x0000000005120000, 0x00000000113c0000]
 total_blobs=13103 nmethods=12111 adapters=896
 compilation: enabled

Compilation events (10 events):
Event: 543.992 Thread 0x0000000017fcf800 nmethod 15372 0x0000000004b69c10 code [0x0000000004b69ea0, 0x0000000004b6b398]
Event: 543.992 Thread 0x0000000017fcf800 15373       1       org.eclipse.jdt.core.dom.ASTVisitor::visit (2 bytes)
Event: 543.992 Thread 0x0000000017fcf800 nmethod 15373 0x000000000496ffd0 code [0x0000000004970120, 0x0000000004970230]
Event: 561.310 Thread 0x0000000017fcf800 15375       3       java.util.GregorianCalendar::getWeekNumber (89 bytes)
Event: 561.311 Thread 0x0000000017fcf800 nmethod 15375 0x0000000004e98090 code [0x0000000004e98220, 0x0000000004e98990]
Event: 561.311 Thread 0x0000000017fcf800 15376       3       sun.util.calendar.AbstractCalendar::getDayOfWeekDateOnOrBefore (31 bytes)
Event: 561.312 Thread 0x0000000017fcf800 nmethod 15376 0x0000000004e97990 code [0x0000000004e97b00, 0x0000000004e97eb0]
Event: 563.367 Thread 0x0000000017fcf000 15377   !   4       org.eclipse.e4.ui.css.core.impl.engine.AbstractCSSEngine::applyStyles (295 bytes)
Event: 563.456 Thread 0x0000000017fcf800 15379       1       org.eclipse.jface.text.source.AnnotationModelEvent::isWorldChange (5 bytes)
Event: 563.456 Thread 0x0000000017fcf800 nmethod 15379 0x000000000496fc50 code [0x000000000496fda0, 0x000000000496feb0]

GC Heap History (10 events):
Event: 347.833 GC heap before
{Heap before GC invocations=35 (full 1):
 garbage-first heap   total 262144K, used 145831K [0x00000000c0000000, 0x00000000c0100800, 0x0000000100000000)
  region size 1024K, 71 young (72704K), 0 survivors (0K)
 Metaspace       used 105682K, capacity 115188K, committed 115376K, reserved 1148928K
  class space    used 13028K, capacity 15785K, committed 15792K, reserved 1048576K
Event: 348.226 GC heap after
Heap after GC invocations=36 (full 2):
 garbage-first heap   total 262144K, used 83873K [0x00000000c0000000, 0x00000000c0100800, 0x0000000100000000)
  region size 1024K, 0 young (0K), 0 survivors (0K)
 Metaspace       used 105682K, capacity 115188K, committed 115376K, reserved 1148928K
  class space    used 13028K, capacity 15785K, committed 15792K, reserved 1048576K
}
Event: 350.117 GC heap before
{Heap before GC invocations=36 (full 2):
 garbage-first heap   total 262144K, used 213921K [0x00000000c0000000, 0x00000000c0100800, 0x0000000100000000)
  region size 1024K, 127 young (130048K), 0 survivors (0K)
 Metaspace       used 105722K, capacity 115252K, committed 115376K, reserved 1148928K
  class space    used 13028K, capacity 15785K, committed 15792K, reserved 1048576K
Event: 350.145 GC heap after
Heap after GC invocations=37 (full 2):
 garbage-first heap   total 262144K, used 100769K [0x00000000c0000000, 0x00000000c0100800, 0x0000000100000000)
  region size 1024K, 16 young (16384K), 16 survivors (16384K)
 Metaspace       used 105722K, capacity 115252K, committed 115376K, reserved 1148928K
  class space    used 13028K, capacity 15785K, committed 15792K, reserved 1048576K
}
Event: 350.582 GC heap before
{Heap before GC invocations=37 (full 2):
 garbage-first heap   total 262144K, used 170241K [0x00000000c0000000, 0x00000000c0100800, 0x0000000100000000)
  region size 1024K, 84 young (86016K), 16 survivors (16384K)
 Metaspace       used 105723K, capacity 115252K, committed 115376K, reserved 1148928K
  class space    used 13028K, capacity 15785K, committed 15792K, reserved 1048576K
Event: 350.956 GC heap after
Heap after GC invocations=38 (full 3):
 garbage-first heap   total 262144K, used 74138K [0x00000000c0000000, 0x00000000c0100800, 0x0000000100000000)
  region size 1024K, 0 young (0K), 0 survivors (0K)
 Metaspace       used 105723K, capacity 115252K, committed 115376K, reserved 1148928K
  class space    used 13028K, capacity 15785K, committed 15792K, reserved 1048576K
}
Event: 351.470 GC heap before
{Heap before GC invocations=38 (full 3):
 garbage-first heap   total 262144K, used 136602K [0x00000000c0000000, 0x00000000c0100800, 0x0000000100000000)
  region size 1024K, 62 young (63488K), 0 survivors (0K)
 Metaspace       used 105767K, capacity 115316K, committed 115376K, reserved 1148928K
  class space    used 13028K, capacity 15785K, committed 15792K, reserved 1048576K
Event: 351.858 GC heap after
Heap after GC invocations=39 (full 4):
 garbage-first heap   total 262144K, used 79133K [0x00000000c0000000, 0x00000000c0100800, 0x0000000100000000)
  region size 1024K, 0 young (0K), 0 survivors (0K)
 Metaspace       used 105767K, capacity 115316K, committed 115376K, reserved 1148928K
  class space    used 13028K, capacity 15785K, committed 15792K, reserved 1048576K
}
Event: 481.505 GC heap before
{Heap before GC invocations=39 (full 4):
 garbage-first heap   total 262144K, used 216029K [0x00000000c0000000, 0x00000000c0100800, 0x0000000100000000)
  region size 1024K, 132 young (135168K), 0 survivors (0K)
 Metaspace       used 113068K, capacity 123362K, committed 123568K, reserved 1157120K
  class space    used 13925K, capacity 16814K, committed 16816K, reserved 1048576K
Event: 481.536 GC heap after
Heap after GC invocations=40 (full 4):
 garbage-first heap   total 262144K, used 95869K [0x00000000c0000000, 0x00000000c0100800, 0x0000000100000000)
  region size 1024K, 16 young (16384K), 16 survivors (16384K)
 Metaspace       used 113068K, capacity 123362K, committed 123568K, reserved 1157120K
  class space    used 13925K, capacity 16814K, committed 16816K, reserved 1048576K
}

Deoptimization events (10 events):
Event: 481.671 Thread 0x00000000023be800 Uncommon trap: reason=unstable_if action=reinterpret pc=0x00000000048b5d58 method=org.eclipse.swt.custom.StyledText.getLineIndex(I)I @ 15
Event: 481.671 Thread 0x00000000023be800 Uncommon trap: reason=unstable_if action=reinterpret pc=0x000000000488294c method=org.eclipse.swt.custom.StyledText.getWrapWidth()I @ 4
Event: 481.677 Thread 0x00000000023be800 Uncommon trap: reason=unstable_if action=reinterpret pc=0x00000000048c25e8 method=org.eclipse.swt.custom.StyledText.getLineIndex(I)I @ 15
Event: 481.677 Thread 0x00000000023be800 Uncommon trap: reason=unstable_if action=reinterpret pc=0x0000000004dc99b4 method=org.eclipse.swt.custom.StyledText.getWrapWidth()I @ 4
Event: 481.678 Thread 0x00000000023be800 Uncommon trap: reason=class_check action=maybe_recompile pc=0x000000000472abf0 method=org.eclipse.core.commands.Command.isEnabled()Z @ 13
Event: 481.678 Thread 0x00000000023be800 Uncommon trap: reason=class_check action=maybe_recompile pc=0x000000000472abf0 method=org.eclipse.core.commands.Command.isEnabled()Z @ 13
Event: 481.689 Thread 0x00000000023be800 Uncommon trap: reason=unstable_if action=reinterpret pc=0x0000000003011520 method=org.eclipse.swt.graphics.TextLayout.drawBorder(JIII[Lorg/eclipse/swt/graphics/TextLayout$StyleItem;IIILorg/eclipse/swt/internal/win32/RECT;Lorg/eclipse/swt/internal/win32/RE
Event: 485.773 Thread 0x00000000023be800 Uncommon trap: reason=unstable_if action=reinterpret pc=0x000000000303c380 method=org.eclipse.jface.text.AbstractDocument.getPositions(Ljava/lang/String;IIZZ)[Lorg/eclipse/jface/text/Position; @ 2
Event: 485.773 Thread 0x00000000023be800 Uncommon trap: reason=unstable_if action=reinterpret pc=0x000000000484adb0 method=org.eclipse.jface.text.AbstractDocument.isWithinRegion(Lorg/eclipse/jface/text/Position;Lorg/eclipse/jface/text/Position;ZZ)Z @ 1
Event: 522.895 Thread 0x000000001f5fa000 Uncommon trap: reason=unstable_if action=reinterpret pc=0x000000000508e848 method=org.eclipse.jdt.internal.compiler.parser.Scanner.getNextToken0()I @ 1733

Internal exceptions (10 events):
Event: 533.209 Thread 0x000000001a217800 Exception <a 'java/lang/ArrayIndexOutOfBoundsException'> (0x00000000ce25fdd0) thrown at [C:\re\workspace\8-2-build-windows-amd64-cygwin\jdk8u144\9417\hotspot\src\share\vm\runtime\sharedRuntime.cpp, line 605]
Event: 533.229 Thread 0x000000001a217800 Exception <a 'java/lang/ArrayIndexOutOfBoundsException'> (0x00000000ce2a3808) thrown at [C:\re\workspace\8-2-build-windows-amd64-cygwin\jdk8u144\9417\hotspot\src\share\vm\runtime\sharedRuntime.cpp, line 605]
Event: 533.437 Thread 0x00000000023be800 Exception <a 'java/lang/ClassNotFoundException': sun/net/www/protocol/about/Handler> (0x00000000ce3f23a0) thrown at [C:\re\workspace\8-2-build-windows-amd64-cygwin\jdk8u144\9417\hotspot\src\share\vm\classfile\systemDictionary.cpp, line 210]
Event: 533.473 Thread 0x00000000023be800 Exception <a 'java/lang/ClassNotFoundException': sun/net/www/protocol/about/Handler> (0x00000000ce2d4220) thrown at [C:\re\workspace\8-2-build-windows-amd64-cygwin\jdk8u144\9417\hotspot\src\share\vm\classfile\systemDictionary.cpp, line 210]
Event: 534.557 Thread 0x00000000023be800 Exception <a 'java/lang/ClassNotFoundException': sun/net/www/protocol/about/Handler> (0x00000000ce2f2ea8) thrown at [C:\re\workspace\8-2-build-windows-amd64-cygwin\jdk8u144\9417\hotspot\src\share\vm\classfile\systemDictionary.cpp, line 210]
Event: 534.579 Thread 0x00000000023be800 Exception <a 'java/lang/ClassNotFoundException': sun/net/www/protocol/about/Handler> (0x00000000ce107db0) thrown at [C:\re\workspace\8-2-build-windows-amd64-cygwin\jdk8u144\9417\hotspot\src\share\vm\classfile\systemDictionary.cpp, line 210]
Event: 535.451 Thread 0x000000001f5fa000 Exception <a 'java/lang/ArrayIndexOutOfBoundsException'> (0x00000000ce022500) thrown at [C:\re\workspace\8-2-build-windows-amd64-cygwin\jdk8u144\9417\hotspot\src\share\vm\runtime\sharedRuntime.cpp, line 605]
Event: 539.464 Thread 0x000000001f5fa000 Exception <a 'java/lang/ArrayIndexOutOfBoundsException'> (0x00000000cde23d28) thrown at [C:\re\workspace\8-2-build-windows-amd64-cygwin\jdk8u144\9417\hotspot\src\share\vm\runtime\sharedRuntime.cpp, line 605]
Event: 541.972 Thread 0x000000001f5fa000 Exception <a 'java/lang/ArrayIndexOutOfBoundsException'> (0x00000000cdd03c78) thrown at [C:\re\workspace\8-2-build-windows-amd64-cygwin\jdk8u144\9417\hotspot\src\share\vm\runtime\sharedRuntime.cpp, line 605]
Event: 543.982 Thread 0x000000001f5fa000 Exception <a 'java/lang/ArrayIndexOutOfBoundsException'> (0x00000000cdd69220) thrown at [C:\re\workspace\8-2-build-windows-amd64-cygwin\jdk8u144\9417\hotspot\src\share\vm\runtime\sharedRuntime.cpp, line 605]

Events (10 events):
Event: 543.990 Executing VM operation: RevokeBias done
Event: 543.990 Thread 0x000000001a21b000 Thread exited: 0x000000001a21b000
Event: 545.459 Thread 0x000000001a21b000 Thread added: 0x000000001a21b000
Event: 545.459 Executing VM operation: RevokeBias
Event: 545.459 Executing VM operation: RevokeBias done
Event: 545.459 Thread 0x000000001a21b000 Thread exited: 0x000000001a21b000
Event: 563.365 Thread 0x000000001a21b000 Thread added: 0x000000001a21b000
Event: 563.365 Executing VM operation: RevokeBias
Event: 563.365 Executing VM operation: RevokeBias done
Event: 563.365 Thread 0x000000001a21b000 Thread exited: 0x000000001a21b000


Dynamic libraries:
0x0000000000400000 - 0x000000000044f000 	C:\Users\inconnu\Downloads\Compressed\eclipse-java-neon-3-win32-x86_64\eclipse\eclipse.exe
0x00007ffd93fb0000 - 0x00007ffd9415c000 	C:\Windows\SYSTEM32\ntdll.dll
0x00007ffd92890000 - 0x00007ffd929ce000 	C:\Windows\system32\KERNEL32.DLL
0x00007ffd7d7d0000 - 0x00007ffd7d804000 	C:\Program Files\AVAST Software\Avast\x64\aswhooka.dll
0x00007ffd91220000 - 0x00007ffd91335000 	C:\Windows\system32\KERNELBASE.dll
0x00007ffd91bd0000 - 0x00007ffd91d47000 	C:\Windows\system32\USER32.dll
0x00007ffd8ea80000 - 0x00007ffd8ecfb000 	C:\Windows\WinSxS\amd64_microsoft.windows.common-controls_6595b64144ccf1df_6.0.9600.17415_none_6240486fecbd8abb\COMCTL32.dll
0x00007ffd92650000 - 0x00007ffd926fa000 	C:\Windows\system32\msvcrt.dll
0x00007ffd92380000 - 0x00007ffd924d1000 	C:\Windows\system32\GDI32.dll
0x00007ffd919e0000 - 0x00007ffd91a16000 	C:\Windows\system32\IMM32.DLL
0x00007ffd924e0000 - 0x00007ffd92632000 	C:\Windows\system32\MSCTF.dll
0x0000000072000000 - 0x0000000072012000 	C:\Users\inconnu\Downloads\Compressed\eclipse-java-neon-3-win32-x86_64\eclipse\plugins\org.eclipse.equinox.launcher.win32.win32.x86_64_1.1.401.v20161122-1740\eclipse_1617.dll
0x00007ffd91870000 - 0x00007ffd9191a000 	C:\Windows\system32\ADVAPI32.dll
0x00007ffd8cce0000 - 0x00007ffd8ccea000 	C:\Windows\SYSTEM32\VERSION.dll
0x00007ffd92110000 - 0x00007ffd92169000 	C:\Windows\SYSTEM32\sechost.dll
0x00007ffd91720000 - 0x00007ffd91861000 	C:\Windows\system32\RPCRT4.dll
0x00007ffd8fd60000 - 0x00007ffd8fe89000 	C:\Windows\system32\uxtheme.dll
0x00007ffd91d50000 - 0x00007ffd91f61000 	C:\Windows\SYSTEM32\combase.dll
0x00007ffd91f70000 - 0x00007ffd92104000 	C:\Windows\system32\ole32.dll
0x00007ffd8fef0000 - 0x00007ffd8fefb000 	C:\Windows\SYSTEM32\kernel.appcore.dll
0x00007ffd90fd0000 - 0x00007ffd90fdb000 	C:\Windows\SYSTEM32\CRYPTBASE.dll
0x00007ffd90f60000 - 0x00007ffd90fc3000 	C:\Windows\SYSTEM32\bcryptPrimitives.dll
0x000000005f060000 - 0x000000005f8fd000 	C:\Program Files\Java\jre1.8.0_144\bin\server\jvm.dll
0x00007ffd86c30000 - 0x00007ffd86c39000 	C:\Windows\SYSTEM32\WSOCK32.dll
0x00007ffd7c280000 - 0x00007ffd7c2a2000 	C:\Windows\SYSTEM32\WINMM.dll
0x00007ffd92640000 - 0x00007ffd92647000 	C:\Windows\system32\PSAPI.DLL
0x000000005ef80000 - 0x000000005f052000 	C:\Windows\SYSTEM32\MSVCR100.dll
0x00007ffd92760000 - 0x00007ffd927ba000 	C:\Windows\system32\WS2_32.dll
0x00007ffd7c180000 - 0x00007ffd7c1aa000 	C:\Windows\SYSTEM32\WINMMBASE.dll
0x00007ffd91700000 - 0x00007ffd91709000 	C:\Windows\system32\NSI.dll
0x00007ffd911d0000 - 0x00007ffd9121f000 	C:\Windows\SYSTEM32\cfgmgr32.dll
0x00007ffd8ff20000 - 0x00007ffd8ff48000 	C:\Windows\SYSTEM32\DEVOBJ.dll
0x000000005ef70000 - 0x000000005ef7f000 	C:\Program Files\Java\jre1.8.0_144\bin\verify.dll
0x000000005ef40000 - 0x000000005ef69000 	C:\Program Files\Java\jre1.8.0_144\bin\java.dll
0x000000005ef20000 - 0x000000005ef36000 	C:\Program Files\Java\jre1.8.0_144\bin\zip.dll
0x00007ffd929d0000 - 0x00007ffd93ee8000 	C:\Windows\system32\SHELL32.dll
0x00007ffd92700000 - 0x00007ffd92754000 	C:\Windows\system32\SHLWAPI.dll
0x00007ffd8f2f0000 - 0x00007ffd8f3a2000 	C:\Windows\SYSTEM32\SHCORE.dll
0x00007ffd91100000 - 0x00007ffd91115000 	C:\Windows\SYSTEM32\profapi.dll
0x00007ffd90970000 - 0x00007ffd90990000 	C:\Windows\SYSTEM32\CRYPTSP.dll
0x00007ffd90590000 - 0x00007ffd905c6000 	C:\Windows\system32\rsaenh.dll
0x00007ffd90bc0000 - 0x00007ffd90be6000 	C:\Windows\SYSTEM32\bcrypt.dll
0x00007ffd906a0000 - 0x00007ffd906c1000 	C:\Windows\SYSTEM32\USERENV.dll
0x000000005ef00000 - 0x000000005ef1a000 	C:\Program Files\Java\jre1.8.0_144\bin\net.dll
0x00007ffd90910000 - 0x00007ffd90969000 	C:\Windows\system32\mswsock.dll
0x00007ffd8c1d0000 - 0x00007ffd8c1fa000 	C:\Windows\SYSTEM32\IPHLPAPI.DLL
0x00007ffd8c1b0000 - 0x00007ffd8c1ba000 	C:\Windows\SYSTEM32\WINNSI.DLL
0x00007ffd8bd80000 - 0x00007ffd8bd96000 	C:\Windows\SYSTEM32\dhcpcsvc6.DLL
0x00007ffd8be70000 - 0x00007ffd8be8a000 	C:\Windows\SYSTEM32\dhcpcsvc.DLL
0x000000005eee0000 - 0x000000005eef1000 	C:\Program Files\Java\jre1.8.0_144\bin\nio.dll
0x000000001dcf0000 - 0x000000001dd97000 	C:\Users\inconnu\Downloads\Compressed\eclipse-java-neon-3-win32-x86_64\eclipse\configuration\org.eclipse.osgi\390\0\.cp\swt-win32-4629.dll
0x00007ffd927c0000 - 0x00007ffd92881000 	C:\Windows\system32\OLEAUT32.dll
0x00007ffd91920000 - 0x00007ffd919d6000 	C:\Windows\system32\comdlg32.dll
0x00007ffd877e0000 - 0x00007ffd87862000 	C:\Windows\SYSTEM32\WINSPOOL.DRV
0x00007ffd82d90000 - 0x00007ffd82da6000 	C:\Windows\SYSTEM32\USP10.dll
0x00007ffd8a6e0000 - 0x00007ffd8a928000 	C:\Windows\SYSTEM32\WININET.dll
0x00007ffd91340000 - 0x00007ffd9151f000 	C:\Windows\system32\CRYPT32.dll
0x00007ffd8a370000 - 0x00007ffd8a637000 	C:\Windows\SYSTEM32\iertutil.dll
0x00007ffd911b0000 - 0x00007ffd911c1000 	C:\Windows\system32\MSASN1.dll
0x00007ffd8f0f0000 - 0x00007ffd8f111000 	C:\Windows\system32\dwmapi.dll
0x00007ffd8cea0000 - 0x00007ffd8d01f000 	C:\Windows\SYSTEM32\propsys.dll
0x00007ffd93ef0000 - 0x00007ffd93fa6000 	C:\Windows\SYSTEM32\clbcatq.dll
0x00007ffd87450000 - 0x00007ffd8745d000 	C:\Windows\SYSTEM32\LINKINFO.dll
0x000000001ef70000 - 0x000000001ef8e000 	C:\Users\inconnu\Downloads\Compressed\eclipse-java-neon-3-win32-x86_64\eclipse\configuration\org.eclipse.osgi\390\0\.cp\swt-gdip-win32-4629.dll
0x00007ffd875a0000 - 0x00007ffd87750000 	C:\Windows\WinSxS\amd64_microsoft.windows.gdiplus_6595b64144ccf1df_1.1.9600.17415_none_932b3b5547500489\gdiplus.dll
0x00007ffd8ef40000 - 0x00007ffd8f0ee000 	C:\Windows\SYSTEM32\WindowsCodecs.dll
0x0000000180000000 - 0x0000000180012000 	C:\Users\inconnu\Downloads\Compressed\eclipse-java-neon-3-win32-x86_64\eclipse\configuration\org.eclipse.osgi\80\0\.cp\os\win32\x86_64\localfile_1_0_0.dll
0x00007ffd81e30000 - 0x00007ffd81e45000 	C:\Windows\system32\napinsp.dll
0x00007ffd81e10000 - 0x00007ffd81e2a000 	C:\Windows\system32\pnrpnsp.dll
0x00007ffd8e9f0000 - 0x00007ffd8ea0b000 	C:\Windows\system32\NLAapi.dll
0x00007ffd90710000 - 0x00007ffd907b4000 	C:\Windows\SYSTEM32\DNSAPI.dll
0x00007ffd81e50000 - 0x00007ffd81e5d000 	C:\Windows\System32\winrnr.dll
0x00007ffd8c960000 - 0x00007ffd8c96a000 	C:\Windows\System32\rasadhlp.dll
0x00007ffd8be00000 - 0x00007ffd8be6b000 	C:\Windows\System32\fwpuclnt.dll
0x00007ffd7df70000 - 0x00007ffd7df81000 	C:\Users\inconnu\Downloads\Compressed\eclipse-java-neon-3-win32-x86_64\eclipse\configuration\org.eclipse.osgi\83\0\.cp\jWinHttp-1.0.0.dll
0x00007ffd86700000 - 0x00007ffd867c9000 	C:\Windows\SYSTEM32\WINHTTP.dll
0x00007ffd8cd30000 - 0x00007ffd8cd9a000 	C:\Windows\SYSTEM32\oleacc.dll
0x00007ffd7d630000 - 0x00007ffd7d637000 	C:\Windows\SYSTEM32\msimg32.dll
0x00007ffd846c0000 - 0x00007ffd846fe000 	C:\Windows\system32\mlang.dll
0x000000005eeb0000 - 0x000000005eed4000 	C:\Program Files\Java\jre1.8.0_144\bin\sunec.dll
0x00007ffd8d020000 - 0x00007ffd8d20e000 	C:\Windows\SYSTEM32\DWrite.dll
0x00007ffd88830000 - 0x00007ffd88b2b000 	C:\Windows\system32\explorerframe.dll
0x00007ffd8e710000 - 0x00007ffd8e7b4000 	C:\Windows\system32\DUser.dll
0x00007ffd8f120000 - 0x00007ffd8f2e1000 	C:\Windows\system32\DUI70.dll
0x00007ffd921a0000 - 0x00007ffd9237a000 	C:\Windows\system32\SETUPAPI.dll
0x00007ffd8aa20000 - 0x00007ffd8aa52000 	C:\Windows\SYSTEM32\ntmarta.dll
0x00007ffd8fca0000 - 0x00007ffd8fd2e000 	C:\Windows\SYSTEM32\apphelp.dll
0x00007ffd88220000 - 0x00007ffd882da000 	C:\Windows\system32\ntshrui.dll
0x00007ffd90f30000 - 0x00007ffd90f5e000 	C:\Windows\system32\SspiCli.dll
0x00007ffd90ec0000 - 0x00007ffd90ee6000 	C:\Windows\system32\srvcli.dll
0x00007ffd88200000 - 0x00007ffd88212000 	C:\Windows\SYSTEM32\cscapi.dll
0x00007ffd90340000 - 0x00007ffd9034c000 	C:\Windows\system32\netutils.dll
0x00007ffd7df90000 - 0x00007ffd7dfb5000 	C:\Windows\system32\mssprxy.dll
0x00007ffd87ae0000 - 0x00007ffd87b0e000 	C:\Windows\System32\thumbcache.dll
0x00007ffd7c7b0000 - 0x00007ffd7d572000 	C:\Windows\System32\ieframe.dll
0x00007ffd87b10000 - 0x00007ffd87c95000 	C:\Windows\SYSTEM32\urlmon.dll
0x00007ffd90fe0000 - 0x00007ffd91079000 	C:\Windows\SYSTEM32\sxs.dll
0x00007ffd64290000 - 0x00007ffd65a6c000 	C:\Windows\System32\mshtml.dll
0x00007ffd879d0000 - 0x00007ffd879dc000 	C:\Windows\SYSTEM32\Secur32.dll
0x00007ffd68d20000 - 0x00007ffd692e8000 	C:\Windows\System32\jscript9.dll
0x00007ffd867d0000 - 0x00007ffd867dc000 	C:\Windows\SYSTEM32\ondemandconnroutehelper.dll
0x00007ffd83ec0000 - 0x00007ffd83ed0000 	C:\Windows\system32\msimtf.dll
0x00007ffd910a0000 - 0x00007ffd910e6000 	C:\Windows\SYSTEM32\powrprof.dll
0x00007ffd8e960000 - 0x00007ffd8e9e7000 	C:\Windows\SYSTEM32\dxgi.dll
0x00007ffd8b4f0000 - 0x00007ffd8b625000 	C:\Windows\System32\uiautomationcore.dll
0x00007ffd8c3f0000 - 0x00007ffd8c871000 	C:\Windows\SYSTEM32\d2d1.dll
0x00007ffd8ed00000 - 0x00007ffd8ef33000 	C:\Windows\SYSTEM32\d3d11.dll
0x00007ffd89c50000 - 0x00007ffd89eaf000 	C:\Windows\SYSTEM32\d3d10warp.dll
0x000000005eea0000 - 0x000000005eeab000 	C:\Program Files\Java\jre1.8.0_144\bin\sunmscapi.dll

VM Arguments:
jvm_args: -Dosgi.requiredJavaVersion=1.8 -XX:+UseG1GC -XX:+UseStringDeduplication -Dosgi.requiredJavaVersion=1.8 -Xms256m -Xmx1024m 
java_command: <unknown>
java_class_path (initial): C:\Users\inconnu\Downloads\Compressed\eclipse-java-neon-3-win32-x86_64\eclipse\\plugins/org.eclipse.equinox.launcher_1.3.201.v20161025-1711.jar
Launcher Type: generic

Environment Variables:
PATH=C:/Program Files/Java/jre1.8.0_144/bin/server;C:/Program Files/Java/jre1.8.0_144/bin;C:/Program Files/Java/jre1.8.0_144/lib/amd64;C:\Program Files (x86)\Borland\Delphi7\Bin;C:\Program Files (x86)\Borland\Delphi7\Projects\Bpl\;C:\oraclexe\app\oracle\product\11.2.0\server\bin;;C:\Program Files (x86)\Embarcadero\Studio\18.0\bin;C:\Users\Public\Documents\Embarcadero\Studio\18.0\Bpl;C:\Program Files (x86)\Embarcadero\Studio\18.0\bin64;C:\Users\Public\Documents\Embarcadero\Studio\18.0\Bpl\Win64;C:\oraclexe\app\oracle\product\11.2.0\server\bin;C:\ProgramData\Oracle\Java\javapath;C:\Windows\system32;C:\Windows;C:\Windows\System32\Wbem;C:\Windows\System32\WindowsPowerShell\v1.0\;C:\Program Files (x86)\Common Files\lenovo\easyplussdk\bin;C:\Program Files\Git\cmd;C:\Program Files (x86)\CodeBlocks\MinGW\lib;C:\Program Files (x86)\CodeBlocks\MinGW\bin;C:\Program Files\GnuWin32\bin;C:\Bison\bin;C:\Users\inconnu\AppData\Local\Programs\Python\Python36-32\Scripts\;C:\Users\inconnu\AppData\Local\Programs\Python\Python36-32\;F:\3eme Annee ISIL\Projet_Brahim;
USERNAME=inconnu
OS=Windows_NT
PROCESSOR_IDENTIFIER=Intel64 Family 6 Model 58 Stepping 9, GenuineIntel



---------------  S Y S T E M  ---------------

OS: Windows 8.1 , 64 bit Build 9600 (6.3.9600.17415)

CPU:total 4 (initial active 4) (2 cores per cpu, 2 threads per core) family 6 model 58 stepping 9, cmov, cx8, fxsr, mmx, sse, sse2, sse3, ssse3, sse4.1, sse4.2, popcnt, avx, clmul, erms, ht, tsc, tscinvbit, tscinv

Memory: 4k page, physical 4008296k(735092k free), swap 4008296k(3092k free)

vm_info: Java HotSpot(TM) 64-Bit Server VM (25.144-b01) for windows-amd64 JRE (1.8.0_144-b01), built on Jul 21 2017 21:57:33 by "java_re" with MS VC++ 10.0 (VS2010)

time: Tue Jan 30 20:35:55 2018
elapsed time: 563 seconds (0d 0h 9m 23s)

